Traceback (most recent call last):
  File "/nfs/hpc/share/soloww/WOFOSTGym/train_agent.py", line 68, in <module>
    ag_trainer(args)
  File "/nfs/hpc/share/soloww/WOFOSTGym/rl_algs/PPO.py", line 130, in train
    writer, device, envs = setup(kwargs, args, run_name)
                           ^^^^^^^^^^^^^^^^^^^^^^^^^^^^^
  File "/nfs/hpc/share/soloww/WOFOSTGym/rl_algs/rl_utils.py", line 102, in setup
    envs = gym.vector.SyncVectorEnv(
           ^^^^^^^^^^^^^^^^^^^^^^^^^
  File "/nfs/hpc/share/soloww/miniforge/envs/wofost/lib/python3.12/site-packages/gymnasium/vector/sync_vector_env.py", line 86, in __init__
    self.envs = [env_fn() for env_fn in env_fns]
                 ^^^^^^^^
  File "/nfs/hpc/share/soloww/WOFOSTGym/rl_algs/rl_utils.py", line 60, in thunk
    env = utils.make_gym_env(kwargs, run_name=run_name)
          ^^^^^^^^^^^^^^^^^^^^^^^^^^^^^^^^^^^^^^^^^^^^^
  File "/nfs/hpc/share/soloww/WOFOSTGym/utils.py", line 155, in make_gym_env
    env = gym.make(env_id, **env_kwargs).unwrapped 
          ^^^^^^^^^^^^^^^^^^^^^^^^^^^^^^
  File "/nfs/hpc/share/soloww/miniforge/envs/wofost/lib/python3.12/site-packages/gymnasium/envs/registration.py", line 740, in make
    env = env_creator(**env_spec_kwargs)
          ^^^^^^^^^^^^^^^^^^^^^^^^^^^^^^
  File "/nfs/hpc/share/soloww/WOFOSTGym/pcse_gym/pcse_gym/envs/wofost_grape.py", line 49, in __init__
    super().__init__(args, base_fpath, agro_fpath, site_fpath, crop_fpath, \
  File "/nfs/hpc/share/soloww/WOFOSTGym/pcse_gym/pcse_gym/envs/wofost_base.py", line 89, in __init__
    self.agromanagement = self._load_agromanagement_data(os.path.join(base_fpath, agro_fpath))
                          ^^^^^^^^^^^^^^^^^^^^^^^^^^^^^^^^^^^^^^^^^^^^^^^^^^^^^^^^^^^^^^^^^^^^
  File "/nfs/hpc/share/soloww/WOFOSTGym/pcse_gym/pcse_gym/envs/wofost_base.py", line 354, in _load_agromanagement_data
    with open(os.path.join(path)) as file:
         ^^^^^^^^^^^^^^^^^^^^^^^^
FileNotFoundError: [Errno 2] No such file or directory: '/nfs/hpc/share/soloww/WOFOSTGym/env_config/agro/grape.yaml'
